<?xml version="1.0" encoding="UTF-8"?>
<!-- Generated by org.testng.reporters.JUnitXMLReporter -->
<testsuite ignored="0" hostname="JEEVA" failures="2" tests="2" name="Test" time="0.146" errors="0" timestamp="2022-10-22T13:08:30 IST">
  <testcase classname="com.testng.Parameters_Testng" name="amethod" time="0.0">
    <failure type="org.testng.TestNGException" message="
Parameter &amp;apos;user&amp;apos; is required by @Test on method amethod but has not been marked @Optional or defined
in D:\Java Programes\Testng\parameter.xml">
      <![CDATA[org.testng.TestNGException: 
Parameter 'user' is required by @Test on method amethod but has not been marked @Optional or defined
in D:\Java Programes\Testng\parameter.xml
at java.base/java.util.ArrayList.forEach(ArrayList.java:1507)
... Removed 26 stack frames]]>
    </failure>
  </testcase> <!-- amethod -->
  <testcase classname="com.testng.Parameters_Testng" name="bmethod" time="0.0">
    <failure type="org.testng.TestNGException" message="
Parameter &amp;apos;pass&amp;apos; is required by @Test on method bmethod but has not been marked @Optional or defined
in D:\Java Programes\Testng\parameter.xml">
      <![CDATA[org.testng.TestNGException: 
Parameter 'pass' is required by @Test on method bmethod but has not been marked @Optional or defined
in D:\Java Programes\Testng\parameter.xml
at java.base/java.util.ArrayList.forEach(ArrayList.java:1507)
... Removed 26 stack frames]]>
    </failure>
  </testcase> <!-- bmethod -->
</testsuite> <!-- Test -->
